{"/home/kareltestspecial/2026-YTT/dossier-web/src/App.tsx": {"path":"/home/kareltestspecial/2026-YTT/dossier-web/src/App.tsx","statementMap":{"0":{"start":{"line":7,"column":2},"end":{"line":23,"column":null}}},"fnMap":{"0":{"name":"App","decl":{"start":{"line":6,"column":9},"end":{"line":6,"column":15}},"loc":{"start":{"line":6,"column":15},"end":{"line":25,"column":null}},"line":6}},"branchMap":{},"s":{"0":2},"f":{"0":2},"b":{},"meta":{"lastBranch":0,"lastFunction":1,"lastStatement":1,"seen":{"f:6:9:6:15":0,"s:7:2:23:Infinity":0}}}
,"/home/kareltestspecial/2026-YTT/dossier-web/src/theme.ts": {"path":"/home/kareltestspecial/2026-YTT/dossier-web/src/theme.ts","statementMap":{"0":{"start":{"line":3,"column":6},"end":{"line":26,"column":null}}},"fnMap":{},"branchMap":{},"s":{"0":1},"f":{},"b":{},"meta":{"lastBranch":0,"lastFunction":0,"lastStatement":1,"seen":{"s:3:6:26:Infinity":0}}}
,"/home/kareltestspecial/2026-YTT/dossier-web/src/components/Footer.tsx": {"path":"/home/kareltestspecial/2026-YTT/dossier-web/src/components/Footer.tsx","statementMap":{"0":{"start":{"line":3,"column":15},"end":{"line":29,"column":null}},"1":{"start":{"line":4,"column":2},"end":{"line":27,"column":null}},"2":{"start":{"line":12,"column":10},"end":{"line":14,"column":null}}},"fnMap":{"0":{"name":"(anonymous_0)","decl":{"start":{"line":3,"column":15},"end":{"line":3,"column":21}},"loc":{"start":{"line":3,"column":21},"end":{"line":29,"column":null}},"line":3},"1":{"name":"(anonymous_1)","decl":{"start":{"line":11,"column":25},"end":{"line":11,"column":26}},"loc":{"start":{"line":12,"column":10},"end":{"line":14,"column":null}},"line":12}},"branchMap":{"0":{"loc":{"start":{"line":12,"column":10},"end":{"line":14,"column":null}},"type":"cond-expr","locations":[{"start":{"line":13,"column":14},"end":{"line":13,"column":null}},{"start":{"line":14,"column":14},"end":{"line":14,"column":null}}],"line":12}},"s":{"0":2,"1":4,"2":4},"f":{"0":4,"1":4},"b":{"0":[4,0]},"meta":{"lastBranch":1,"lastFunction":2,"lastStatement":3,"seen":{"s:3:15:29:Infinity":0,"f:3:15:3:21":0,"s:4:2:27:Infinity":1,"f:11:25:11:26":1,"s:12:10:14:Infinity":2,"b:13:14:13:Infinity:14:14:14:Infinity":0}}}
,"/home/kareltestspecial/2026-YTT/dossier-web/src/components/Navbar.tsx": {"path":"/home/kareltestspecial/2026-YTT/dossier-web/src/components/Navbar.tsx","statementMap":{"0":{"start":{"line":4,"column":15},"end":{"line":35,"column":null}},"1":{"start":{"line":5,"column":2},"end":{"line":33,"column":null}}},"fnMap":{"0":{"name":"(anonymous_0)","decl":{"start":{"line":4,"column":15},"end":{"line":4,"column":21}},"loc":{"start":{"line":4,"column":21},"end":{"line":35,"column":null}},"line":4}},"branchMap":{},"s":{"0":2,"1":4},"f":{"0":4},"b":{},"meta":{"lastBranch":0,"lastFunction":1,"lastStatement":2,"seen":{"s:4:15:35:Infinity":0,"f:4:15:4:21":0,"s:5:2:33:Infinity":1}}}
}
